Self update apt-get
Ign http://archive.ubuntu.com trusty InRelease
Get:1 http://archive.ubuntu.com trusty-updates InRelease [64.4 kB]
Get:2 http://security.ubuntu.com trusty-security InRelease [64.4 kB]
Get:3 http://archive.ubuntu.com trusty-backports InRelease [64.5 kB]
Hit http://archive.ubuntu.com trusty Release.gpg
Get:4 http://archive.ubuntu.com trusty-updates/main Sources [247 kB]
Get:5 http://archive.ubuntu.com trusty-updates/restricted Sources [5,359 B]
Get:6 http://security.ubuntu.com trusty-security/main Sources [101 kB]
Get:7 http://archive.ubuntu.com trusty-updates/universe Sources [145 kB]
Get:8 http://archive.ubuntu.com trusty-updates/multiverse Sources [5,167 B]
Get:9 http://archive.ubuntu.com trusty-updates/main amd64 Packages [665 kB]
Get:10 http://security.ubuntu.com trusty-security/universe Sources [31.9 kB]
Get:11 http://archive.ubuntu.com trusty-updates/restricted amd64 Packages [15.9 kB]
Get:12 http://archive.ubuntu.com trusty-updates/universe amd64 Packages [332 kB]
Get:13 http://security.ubuntu.com trusty-security/main amd64 Packages [382 kB]
Get:14 http://archive.ubuntu.com trusty-updates/multiverse amd64 Packages [13.0 kB]
Get:15 http://archive.ubuntu.com trusty-updates/main Translation-en [329 kB]
Get:16 http://archive.ubuntu.com trusty-updates/multiverse Translation-en [6,832 B]
Get:17 http://archive.ubuntu.com trusty-updates/restricted Translation-en [3,699 B]
Get:18 http://archive.ubuntu.com trusty-updates/universe Translation-en [174 kB]
Get:19 http://archive.ubuntu.com trusty-backports/main Sources [8,221 B]
Get:20 http://archive.ubuntu.com trusty-backports/restricted Sources [28 B]
Get:21 http://security.ubuntu.com trusty-security/universe amd64 Packages [120 kB]
Get:22 http://archive.ubuntu.com trusty-backports/universe Sources [33.2 kB]
Get:23 http://archive.ubuntu.com trusty-backports/multiverse Sources [1,898 B]
Get:24 http://security.ubuntu.com trusty-security/main Translation-en [208 kB]
Get:25 http://archive.ubuntu.com trusty-backports/main amd64 Packages [9,402 B]
Get:26 http://archive.ubuntu.com trusty-backports/restricted amd64 Packages [28 B]
Get:27 http://archive.ubuntu.com trusty-backports/universe amd64 Packages [39.6 kB]
Get:28 http://security.ubuntu.com trusty-security/universe Translation-en [70.1 kB]
Get:29 http://archive.ubuntu.com trusty-backports/multiverse amd64 Packages [1,571 B]
Get:30 http://archive.ubuntu.com trusty-backports/main Translation-en [5,549 B]
Get:31 http://archive.ubuntu.com trusty-backports/multiverse Translation-en [1,215 B]
Get:32 http://archive.ubuntu.com trusty-backports/restricted Translation-en [14 B]
Get:33 http://archive.ubuntu.com trusty-backports/universe Translation-en [34.5 kB]
Hit http://archive.ubuntu.com trusty Release
Get:34 http://archive.ubuntu.com trusty/main Sources [1,064 kB]
Get:35 http://archive.ubuntu.com trusty/restricted Sources [5,433 B]
Get:36 http://archive.ubuntu.com trusty/universe Sources [6,399 kB]
Get:37 http://archive.ubuntu.com trusty/multiverse Sources [174 kB]
Hit http://archive.ubuntu.com trusty/main amd64 Packages
Hit http://archive.ubuntu.com trusty/restricted amd64 Packages
Hit http://archive.ubuntu.com trusty/universe amd64 Packages
Hit http://archive.ubuntu.com trusty/multiverse amd64 Packages
Hit http://archive.ubuntu.com trusty/main Translation-en
Hit http://archive.ubuntu.com trusty/multiverse Translation-en
Hit http://archive.ubuntu.com trusty/restricted Translation-en
Hit http://archive.ubuntu.com trusty/universe Translation-en
Ign http://archive.ubuntu.com trusty/main Translation-en_US
Ign http://archive.ubuntu.com trusty/multiverse Translation-en_US
Ign http://archive.ubuntu.com trusty/restricted Translation-en_US
Ign http://archive.ubuntu.com trusty/universe Translation-en_US
Fetched 10.8 MB in 8s (1,306 kB/s)
Reading package lists...
Installing curl
Reading package lists...
Building dependency tree...
Reading state information...
curl is already the newest version.
0 upgraded, 0 newly installed, 0 to remove and 12 not upgraded.
Installing git-core
Reading package lists...
Building dependency tree...
Reading state information...
The following extra packages will be installed:
  git git-man liberror-perl
Suggested packages:
  git-daemon-run git-daemon-sysvinit git-doc git-el git-email git-gui gitk
  gitweb git-arch git-bzr git-cvs git-mediawiki git-svn
The following NEW packages will be installed:
  git git-core git-man liberror-perl
0 upgraded, 4 newly installed, 0 to remove and 12 not upgraded.
Need to get 3,347 kB of archives.
After this operation, 21.6 MB of additional disk space will be used.
Get:1 http://archive.ubuntu.com/ubuntu/ trusty/main liberror-perl all 0.17-1.1 [21.1 kB]
Get:2 http://archive.ubuntu.com/ubuntu/ trusty-updates/main git-man all 1:1.9.1-1ubuntu0.1 [698 kB]
Get:3 http://archive.ubuntu.com/ubuntu/ trusty-updates/main git amd64 1:1.9.1-1ubuntu0.1 [2,627 kB]
Get:4 http://archive.ubuntu.com/ubuntu/ trusty-updates/main git-core all 1:1.9.1-1ubuntu0.1 [1,458 B]
dpkg-preconfigure: unable to re-open stdin: No such file or directory
Fetched 3,347 kB in 1s (2,600 kB/s)
Selecting previously unselected package liberror-perl.
(Reading database ... 62972 files and directories currently installed.)
Preparing to unpack .../liberror-perl_0.17-1.1_all.deb ...
Unpacking liberror-perl (0.17-1.1) ...
Selecting previously unselected package git-man.
Preparing to unpack .../git-man_1%3a1.9.1-1ubuntu0.1_all.deb ...
Unpacking git-man (1:1.9.1-1ubuntu0.1) ...
Selecting previously unselected package git.
Preparing to unpack .../git_1%3a1.9.1-1ubuntu0.1_amd64.deb ...
Unpacking git (1:1.9.1-1ubuntu0.1) ...
Selecting previously unselected package git-core.
Preparing to unpack .../git-core_1%3a1.9.1-1ubuntu0.1_all.deb ...
Unpacking git-core (1:1.9.1-1ubuntu0.1) ...
Processing triggers for man-db (2.6.7.1-1ubuntu1) ...
Setting up liberror-perl (0.17-1.1) ...
Setting up git-man (1:1.9.1-1ubuntu0.1) ...
Setting up git (1:1.9.1-1ubuntu0.1) ...
Setting up git-core (1:1.9.1-1ubuntu0.1) ...
Installing node and npm
Reading package lists...
Building dependency tree...
Reading state information...
The following NEW packages will be installed:
  python-software-properties
0 upgraded, 1 newly installed, 0 to remove and 12 not upgraded.
Need to get 19.6 kB of archives.
After this operation, 138 kB of additional disk space will be used.
Get:1 http://archive.ubuntu.com/ubuntu/ trusty-updates/universe python-software-properties all 0.92.37.6 [19.6 kB]
dpkg-preconfigure: unable to re-open stdin: No such file or directory
Fetched 19.6 kB in 0s (109 kB/s)
Selecting previously unselected package python-software-properties.
(Reading database ... 63721 files and directories currently installed.)
Preparing to unpack .../python-software-properties_0.92.37.6_all.deb ...
Unpacking python-software-properties (0.92.37.6) ...
Setting up python-software-properties (0.92.37.6) ...
Reading package lists...
Building dependency tree...
Reading state information...
software-properties-common is already the newest version.
0 upgraded, 0 newly installed, 0 to remove and 12 not upgraded.

## Installing the NodeSource Node.js 4.x LTS Argon repo...


## Populating apt-get cache...

+ apt-get update
Hit http://security.ubuntu.com trusty-security InRelease
Ign http://archive.ubuntu.com trusty InRelease
Hit http://archive.ubuntu.com trusty-updates InRelease
Hit http://security.ubuntu.com trusty-security/main Sources
Hit http://archive.ubuntu.com trusty-backports InRelease
Hit http://security.ubuntu.com trusty-security/universe Sources
Hit http://archive.ubuntu.com trusty Release.gpg
Hit http://security.ubuntu.com trusty-security/main amd64 Packages
Hit http://archive.ubuntu.com trusty-updates/main Sources
Hit http://security.ubuntu.com trusty-security/universe amd64 Packages
Hit http://archive.ubuntu.com trusty-updates/restricted Sources
Hit http://security.ubuntu.com trusty-security/main Translation-en
Hit http://archive.ubuntu.com trusty-updates/universe Sources
Hit http://security.ubuntu.com trusty-security/universe Translation-en
Hit http://archive.ubuntu.com trusty-updates/multiverse Sources
Hit http://archive.ubuntu.com trusty-updates/main amd64 Packages
Hit http://archive.ubuntu.com trusty-updates/restricted amd64 Packages
Hit http://archive.ubuntu.com trusty-updates/universe amd64 Packages
Hit http://archive.ubuntu.com trusty-updates/multiverse amd64 Packages
Hit http://archive.ubuntu.com trusty-updates/main Translation-en
Hit http://archive.ubuntu.com trusty-updates/multiverse Translation-en
Hit http://archive.ubuntu.com trusty-updates/restricted Translation-en
Hit http://archive.ubuntu.com trusty-updates/universe Translation-en
Hit http://archive.ubuntu.com trusty-backports/main Sources
Hit http://archive.ubuntu.com trusty-backports/restricted Sources
Hit http://archive.ubuntu.com trusty-backports/universe Sources
Hit http://archive.ubuntu.com trusty-backports/multiverse Sources
Hit http://archive.ubuntu.com trusty-backports/main amd64 Packages
Hit http://archive.ubuntu.com trusty-backports/restricted amd64 Packages
Hit http://archive.ubuntu.com trusty-backports/universe amd64 Packages
Hit http://archive.ubuntu.com trusty-backports/multiverse amd64 Packages
Hit http://archive.ubuntu.com trusty-backports/main Translation-en
Hit http://archive.ubuntu.com trusty-backports/multiverse Translation-en
Hit http://archive.ubuntu.com trusty-backports/restricted Translation-en
Hit http://archive.ubuntu.com trusty-backports/universe Translation-en
Hit http://archive.ubuntu.com trusty Release
Hit http://archive.ubuntu.com trusty/main Sources
Hit http://archive.ubuntu.com trusty/restricted Sources
Hit http://archive.ubuntu.com trusty/universe Sources
Hit http://archive.ubuntu.com trusty/multiverse Sources
Hit http://archive.ubuntu.com trusty/main amd64 Packages
Hit http://archive.ubuntu.com trusty/restricted amd64 Packages
Hit http://archive.ubuntu.com trusty/universe amd64 Packages
Hit http://archive.ubuntu.com trusty/multiverse amd64 Packages
Hit http://archive.ubuntu.com trusty/main Translation-en
Hit http://archive.ubuntu.com trusty/multiverse Translation-en
Hit http://archive.ubuntu.com trusty/restricted Translation-en
Hit http://archive.ubuntu.com trusty/universe Translation-en
Ign http://archive.ubuntu.com trusty/main Translation-en_US
Ign http://archive.ubuntu.com trusty/multiverse Translation-en_US
Ign http://archive.ubuntu.com trusty/restricted Translation-en_US
Ign http://archive.ubuntu.com trusty/universe Translation-en_US
Reading package lists...

## Confirming "trusty" is supported...

+ curl -sLf -o /dev/null 'https://deb.nodesource.com/node_4.x/dists/trusty/Release'

## Adding the NodeSource signing key to your keyring...

+ curl -s https://deb.nodesource.com/gpgkey/nodesource.gpg.key | apt-key add -
OK

## Creating apt sources list file for the NodeSource Node.js 4.x LTS Argon repo...

+ echo 'deb https://deb.nodesource.com/node_4.x trusty main' > /etc/apt/sources.list.d/nodesource.list
+ echo 'deb-src https://deb.nodesource.com/node_4.x trusty main' >> /etc/apt/sources.list.d/nodesource.list

## Running `apt-get update` for you...

+ apt-get update
Hit http://security.ubuntu.com trusty-security InRelease
Hit http://security.ubuntu.com trusty-security/main Sources
Ign http://archive.ubuntu.com trusty InRelease
Hit http://security.ubuntu.com trusty-security/universe Sources
Hit http://security.ubuntu.com trusty-security/main amd64 Packages
Hit http://archive.ubuntu.com trusty-updates InRelease
Hit http://security.ubuntu.com trusty-security/universe amd64 Packages
Hit http://security.ubuntu.com trusty-security/main Translation-en
Hit http://archive.ubuntu.com trusty-backports InRelease
Hit http://security.ubuntu.com trusty-security/universe Translation-en
Hit http://archive.ubuntu.com trusty Release.gpg
Hit http://archive.ubuntu.com trusty-updates/main Sources
Hit http://archive.ubuntu.com trusty-updates/restricted Sources
Get:1 https://deb.nodesource.com trusty InRelease
Hit http://archive.ubuntu.com trusty-updates/universe Sources
Get:2 https://deb.nodesource.com trusty/main Sources
Hit http://archive.ubuntu.com trusty-updates/multiverse Sources
Get:3 https://deb.nodesource.com trusty/main amd64 Packages
Hit http://archive.ubuntu.com trusty-updates/main amd64 Packages
Get:4 https://deb.nodesource.com trusty/main Translation-en_US
Hit http://archive.ubuntu.com trusty-updates/restricted amd64 Packages
Hit http://archive.ubuntu.com trusty-updates/universe amd64 Packages
Hit http://archive.ubuntu.com trusty-updates/multiverse amd64 Packages
Hit http://archive.ubuntu.com trusty-updates/main Translation-en
Hit http://archive.ubuntu.com trusty-updates/multiverse Translation-en
Hit http://archive.ubuntu.com trusty-updates/restricted Translation-en
Hit http://archive.ubuntu.com trusty-updates/universe Translation-en
Ign https://deb.nodesource.com trusty/main Translation-en_US
Hit http://archive.ubuntu.com trusty-backports/main Sources
Ign https://deb.nodesource.com trusty/main Translation-en
Hit http://archive.ubuntu.com trusty-backports/restricted Sources
Hit http://archive.ubuntu.com trusty-backports/universe Sources
Hit http://archive.ubuntu.com trusty-backports/multiverse Sources
Hit http://archive.ubuntu.com trusty-backports/main amd64 Packages
Hit http://archive.ubuntu.com trusty-backports/restricted amd64 Packages
Hit http://archive.ubuntu.com trusty-backports/universe amd64 Packages
Hit http://archive.ubuntu.com trusty-backports/multiverse amd64 Packages
Hit http://archive.ubuntu.com trusty-backports/main Translation-en
Hit http://archive.ubuntu.com trusty-backports/multiverse Translation-en
Hit http://archive.ubuntu.com trusty-backports/restricted Translation-en
Hit http://archive.ubuntu.com trusty-backports/universe Translation-en
Hit http://archive.ubuntu.com trusty Release
Hit http://archive.ubuntu.com trusty/main Sources
Hit http://archive.ubuntu.com trusty/restricted Sources
Hit http://archive.ubuntu.com trusty/universe Sources
Hit http://archive.ubuntu.com trusty/multiverse Sources
Hit http://archive.ubuntu.com trusty/main amd64 Packages
Hit http://archive.ubuntu.com trusty/restricted amd64 Packages
Hit http://archive.ubuntu.com trusty/universe amd64 Packages
Hit http://archive.ubuntu.com trusty/multiverse amd64 Packages
Hit http://archive.ubuntu.com trusty/main Translation-en
Hit http://archive.ubuntu.com trusty/multiverse Translation-en
Hit http://archive.ubuntu.com trusty/restricted Translation-en
Hit http://archive.ubuntu.com trusty/universe Translation-en
Ign http://archive.ubuntu.com trusty/main Translation-en_US
Ign http://archive.ubuntu.com trusty/multiverse Translation-en_US
Ign http://archive.ubuntu.com trusty/restricted Translation-en_US
Ign http://archive.ubuntu.com trusty/universe Translation-en_US
Fetched 5,631 B in 7s (764 B/s)
Reading package lists...

## Run `apt-get install nodejs` (as root) to install Node.js 4.x LTS Argon and npm

Installing Node.js...
Reading package lists...
Building dependency tree...
Reading state information...
The following extra packages will be installed:
  rlwrap
The following NEW packages will be installed:
  nodejs rlwrap
0 upgraded, 2 newly installed, 0 to remove and 12 not upgraded.
Need to get 8,312 kB of archives.
After this operation, 38.9 MB of additional disk space will be used.
Get:1 http://archive.ubuntu.com/ubuntu/ trusty/universe rlwrap amd64 0.37-5 [73.4 kB]
Get:2 https://deb.nodesource.com/node_4.x/ trusty/main nodejs amd64 4.2.3-1nodesource1~trusty1 [8,239 kB]
dpkg-preconfigure: unable to re-open stdin: No such file or directory
Fetched 8,312 kB in 3s (2,272 kB/s)
Selecting previously unselected package rlwrap.
(Reading database ... 63737 files and directories currently installed.)
Preparing to unpack .../rlwrap_0.37-5_amd64.deb ...
Unpacking rlwrap (0.37-5) ...
Selecting previously unselected package nodejs.
Preparing to unpack .../nodejs_4.2.3-1nodesource1~trusty1_amd64.deb ...
Unpacking nodejs (4.2.3-1nodesource1~trusty1) ...
Processing triggers for man-db (2.6.7.1-1ubuntu1) ...
Setting up rlwrap (0.37-5) ...
update-alternatives: using /usr/bin/rlwrap to provide /usr/bin/readline-editor (readline-editor) in auto mode
Setting up nodejs (4.2.3-1nodesource1~trusty1) ...
Cleaning up
Reading package lists...
Building dependency tree...
Reading state information...
0 upgraded, 0 newly installed, 0 to remove and 12 not upgraded.
Downloading npm permission fix script...
Setting up symlinks
Provisioning completed successfully.
 
####################
IMPORTNAT:
 
Remember to
 
vagrant ssh
./bootstrap
source ~/.bashrc
./update-toolset
 
This will move the npm root to the vagrant
user's home directory and update Yeoman, Bower, and Grunt.
 
